<?xml version="1.0" encoding="UTF-8"?>
<testng-results ignored="0" total="7" passed="6" failed="1" skipped="0">
  <reporter-output>
  </reporter-output>
  <suite started-at="2024-06-03T19:44:03 IST" name="PersonalandEducationDepartment" finished-at="2024-06-03T19:44:03 IST" duration-ms="76">
    <groups>
    </groups>
    <test started-at="2024-06-03T19:44:03 IST" name="Education loan" finished-at="2024-06-03T19:44:03 IST" duration-ms="75">
      <class name="testpackage.EducationLoan">
        <test-method signature="PLAPI(java.lang.String,java.lang.String)[pri:0, instance:testpackage.EducationLoan@25fb8912]" started-at="2024-06-03T19:44:03 IST" name="PLAPI" data-provider="getdata" finished-at="2024-06-03T19:44:03 IST" duration-ms="7" status="PASS">
          <params>
            <param index="0">
              <value>
                <![CDATA[Madhavan]]>
              </value>
            </param>
            <param index="1">
              <value>
                <![CDATA[Password]]>
              </value>
            </param>
          </params>
          <reporter-output>
          </reporter-output>
        </test-method> <!-- PLAPI -->
        <test-method signature="PLAPI(java.lang.String,java.lang.String)[pri:0, instance:testpackage.EducationLoan@25fb8912]" started-at="2024-06-03T19:44:03 IST" name="PLAPI" data-provider="getdata" finished-at="2024-06-03T19:44:03 IST" duration-ms="5" status="PASS">
          <params>
            <param index="0">
              <value>
                <![CDATA[Vasanthi]]>
              </value>
            </param>
            <param index="1">
              <value>
                <![CDATA[CUB]]>
              </value>
            </param>
          </params>
          <reporter-output>
          </reporter-output>
        </test-method> <!-- PLAPI -->
        <test-method signature="PLMobile()[pri:0, instance:testpackage.EducationLoan@25fb8912]" started-at="2024-06-03T19:44:03 IST" name="PLMobile" finished-at="2024-06-03T19:44:03 IST" duration-ms="2" status="PASS">
          <reporter-output>
          </reporter-output>
        </test-method> <!-- PLMobile -->
        <test-method signature="PLWeb()[pri:0, instance:testpackage.EducationLoan@25fb8912]" started-at="2024-06-03T19:44:03 IST" name="PLWeb" finished-at="2024-06-03T19:44:03 IST" duration-ms="2" status="PASS">
          <reporter-output>
          </reporter-output>
        </test-method> <!-- PLWeb -->
      </class> <!-- testpackage.EducationLoan -->
    </test> <!-- Education loan -->
    <test started-at="2024-06-03T19:44:03 IST" name="Perosonal Loan" finished-at="2024-06-03T19:44:03 IST" duration-ms="76">
      <class name="testpackage.PersonalLoan">
        <test-method signature="PLAPI()[pri:0, instance:testpackage.PersonalLoan@51dcb805]" started-at="2024-06-03T19:44:03 IST" name="PLAPI" finished-at="2024-06-03T19:44:03 IST" duration-ms="11" status="FAIL">
          <exception class="java.lang.AssertionError">
            <message>
              <![CDATA[expected [true] but found [false]]]>
            </message>
            <full-stacktrace>
              <![CDATA[java.lang.AssertionError: expected [true] but found [false]
at org.testng.Assert.fail(Assert.java:99)
at org.testng.Assert.failNotEquals(Assert.java:1037)
at org.testng.Assert.assertTrue(Assert.java:45)
at org.testng.Assert.assertTrue(Assert.java:55)
at testpackage.PersonalLoan.PLAPI(PersonalLoan.java:39)
at java.base/jdk.internal.reflect.NativeMethodAccessorImpl.invoke0(Native Method)
at java.base/jdk.internal.reflect.NativeMethodAccessorImpl.invoke(NativeMethodAccessorImpl.java:77)
at java.base/jdk.internal.reflect.DelegatingMethodAccessorImpl.invoke(DelegatingMethodAccessorImpl.java:43)
at java.base/java.lang.reflect.Method.invoke(Method.java:568)
at org.testng.internal.MethodInvocationHelper.invokeMethod(MethodInvocationHelper.java:133)
at org.testng.internal.TestInvoker.invokeMethod(TestInvoker.java:598)
at org.testng.internal.TestInvoker.invokeTestMethod(TestInvoker.java:173)
at org.testng.internal.MethodRunner.runInSequence(MethodRunner.java:46)
at org.testng.internal.TestInvoker$MethodInvocationAgent.invoke(TestInvoker.java:824)
at org.testng.internal.TestInvoker.invokeTestMethods(TestInvoker.java:146)
at org.testng.internal.TestMethodWorker.invokeTestMethods(TestMethodWorker.java:146)
at org.testng.internal.TestMethodWorker.run(TestMethodWorker.java:128)
at java.base/java.util.ArrayList.forEach(ArrayList.java:1511)
at org.testng.TestRunner.privateRun(TestRunner.java:794)
at org.testng.TestRunner.run(TestRunner.java:596)
at org.testng.SuiteRunner.runTest(SuiteRunner.java:377)
at org.testng.SuiteRunner.access$000(SuiteRunner.java:28)
at org.testng.SuiteRunner$SuiteWorker.run(SuiteRunner.java:418)
at org.testng.internal.thread.ThreadUtil.lambda$execute$0(ThreadUtil.java:64)
at java.base/java.util.concurrent.FutureTask.run(FutureTask.java:264)
at java.base/java.util.concurrent.ThreadPoolExecutor.runWorker(ThreadPoolExecutor.java:1136)
at java.base/java.util.concurrent.ThreadPoolExecutor$Worker.run(ThreadPoolExecutor.java:635)
at java.base/java.lang.Thread.run(Thread.java:840)
]]>
            </full-stacktrace>
          </exception> <!-- java.lang.AssertionError -->
          <reporter-output>
          </reporter-output>
        </test-method> <!-- PLAPI -->
        <test-method signature="PLMobile(java.lang.String,java.lang.String)[pri:0, instance:testpackage.PersonalLoan@51dcb805]" started-at="2024-06-03T19:44:03 IST" name="PLMobile" finished-at="2024-06-03T19:44:03 IST" duration-ms="1" status="PASS">
          <params>
            <param index="0">
              <value>
                <![CDATA[www.irctc.co.in]]>
              </value>
            </param>
            <param index="1">
              <value>
                <![CDATA[m9952927894]]>
              </value>
            </param>
          </params>
          <reporter-output>
          </reporter-output>
        </test-method> <!-- PLMobile -->
        <test-method signature="PLWeb()[pri:0, instance:testpackage.PersonalLoan@51dcb805]" started-at="2024-06-03T19:44:03 IST" name="PLWeb" finished-at="2024-06-03T19:44:03 IST" duration-ms="1" status="PASS">
          <reporter-output>
          </reporter-output>
        </test-method> <!-- PLWeb -->
      </class> <!-- testpackage.PersonalLoan -->
    </test> <!-- Perosonal Loan -->
  </suite> <!-- PersonalandEducationDepartment -->
</testng-results>
